<?xml version="1.0" encoding="UTF-8"?>
<!-- Generated by org.testng.reporters.JUnitXMLReporter -->
<testsuite ignored="0" hostname="LAPTOP-CGUJBJB4" failures="0" tests="3" name="Checkbox" time="20.706" errors="0" timestamp="2022-12-17T00:06:21 IST">
  <testcase classname="testingbaba_test.Checkbox_test" name="clickonelements" time="0.077"/>
  <testcase classname="testingbaba_test.Checkbox_test" name="clickoncheckbox" time="0.063"/>
  <testcase classname="testingbaba_test.Checkbox_test" name="clickonactions" time="0.885"/>
</testsuite> <!-- Checkbox -->
