<?xml version="1.0" encoding="UTF-8"?>
<!-- Generated by org.testng.reporters.JUnitXMLReporter -->
<testsuite ignored="0" hostname="LAPTOP-CGUJBJB4" failures="0" tests="4" name="Webtable" time="15.937" errors="0" timestamp="2022-12-17T01:49:55 IST">
  <testcase classname="testingbaba_test.Webtable_Test" name="clickonelements" time="0.079"/>
  <testcase classname="testingbaba_test.Webtable_Test" name="clickonwebtable" time="0.088"/>
  <testcase classname="testingbaba_test.Webtable_Test" name="filldetails" time="1.498"/>
  <testcase classname="testingbaba_test.Webtable_Test" name="editdetails" time="1.219"/>
</testsuite> <!-- Webtable -->
